C:\Program Files (x86)\Microsoft Visual Studio\2019\Community\MSBuild\Microsoft\VC\v160\Microsoft.CppBuild.targets(452,5): warning MSB8028: The intermediate directory (x64\Debug\) contains files shared from another project (adjuster.vcxproj, arc.vcxproj, ask.vcxproj, bitmap.vcxproj, blocks.vcxproj, boxtype.vcxproj, browser.vcxproj, button.vcxproj, buttons.vcxproj, checkers.vcxproj, clock.vcxproj, colbrowser.vcxproj, color_chooser.vcxproj, cursor.vcxproj, curve.vcxproj, device.vcxproj, doublebuffer.vcxproj, file_chooser.vcxproj, fltk.vcxproj, fltkdll.vcxproj, fltkforms.vcxproj, fltkgl.vcxproj, fltkimages.vcxproj, fltkjpeg.vcxproj, fltkpng.vcxproj, fltkzlib.vcxproj, fonts.vcxproj, forms.vcxproj, hello.vcxproj, help.vcxproj, iconize.vcxproj, image.vcxproj, input.vcxproj, input_choice.vcxproj, label.vcxproj, line_style.vcxproj, menubar.vcxproj, message.vcxproj, minimum.vcxproj, native-filechooser.vcxproj, navigation.vcxproj, output.vcxproj, overlay.vcxproj, pack.vcxproj, pixmap.vcxproj, pixmap_browser.vcxproj, resizebox.vcxproj, rotated_text.vcxproj, scroll.vcxproj, subwindow.vcxproj, sudoku.vcxproj, symbols.vcxproj, table.vcxproj, threads.vcxproj, tile.vcxproj, tiled_image.vcxproj, utf8.vcxproj).  This can lead to incorrect clean and rebuild behavior.
  about_panel.cxx
  align_widget.cxx
  alignment_panel.cxx
  code.cxx
  CodeEditor.cxx
  ExternalCodeEditor_WIN32.cxx
  factory.cxx
  file.cxx
  Fl_Function_Type.cxx
  Fl_Group_Type.cxx
  Fl_Menu_Type.cxx
  Fl_Type.cxx
  Fl_Widget_Type.cxx
  Fl_Window_Type.cxx
  fluid.cxx
  Fluid_Image.cxx
  function_panel.cxx
  template_panel.cxx
  undo.cxx
  widget_panel.cxx
D:\maochinn\Lib\FLTK\fltk-1.3.5-source.tar\fltk-1.3.5-source\fltk-1.3.5\fluid\widget_panel.cxx(29,54): warning C4312: '類型轉換': 將 'unsigned int' 轉換為較大的 'void *'
D:\maochinn\Lib\FLTK\fltk-1.3.5-source.tar\fltk-1.3.5-source\fltk-1.3.5\fluid\widget_panel.cxx(39,56): warning C4312: '類型轉換': 將 'unsigned int' 轉換為較大的 'void *'
  正在產生程式碼...
D:\maochinn\Lib\FLTK\fltk-1.3.5-source.tar\fltk-1.3.5-source\fltk-1.3.5\fluid\widget_panel.cxx(49,56): warning C4312: '類型轉換': 將 'unsigned int' 轉換為較大的 'void *'
C:\Program Files (x86)\Microsoft Visual Studio\2019\Community\MSBuild\Microsoft\VC\v160\Microsoft.CppBuild.targets(1267,5): warning MSB8012: TargetPath(D:\maochinn\Lib\FLTK\fltk-1.3.5-source.tar\fltk-1.3.5-source\fltk-1.3.5\ide\VisualC2010\x64\Debug\fluidd.exe) does not match the Linker's OutputFile property value (D:\maochinn\Lib\FLTK\fltk-1.3.5-source.tar\fltk-1.3.5-source\fltk-1.3.5\fluid\fluidd.exe). This may cause your project to build incorrectly. To correct this, please make sure that $(OutDir), $(TargetName) and $(TargetExt) property values match the value specified in %(Link.OutputFile).
  fluid.vcxproj -> D:\maochinn\Lib\FLTK\fltk-1.3.5-source.tar\fltk-1.3.5-source\fltk-1.3.5\ide\VisualC2010\x64\Debug\fluidd.exe
