  case.c
  fl_utf.c
  is_right2left.c
  is_spacing.c
  正在產生程式碼...
  filename_absolute.cxx
  filename_expand.cxx
  filename_ext.cxx
  filename_isdir.cxx
  filename_list.cxx
  filename_match.cxx
  filename_setext.cxx
  Fl.cxx
  Fl_abort.cxx
  Fl_add_idle.cxx
  Fl_Adjuster.cxx
  fl_arc.cxx
  fl_arci.cxx
  Fl_arg.cxx
  fl_ask.cxx
  Fl_Bitmap.cxx
  Fl_BMP_Image.cxx
  Fl_Box.cxx
  fl_boxtype.cxx
  Fl_Browser.cxx
  正在產生程式碼...
  正在編譯...
  Fl_Browser_.cxx
  Fl_Browser_load.cxx
  Fl_Button.cxx
  Fl_Chart.cxx
  Fl_Check_Browser.cxx
  Fl_Check_Button.cxx
  Fl_Choice.cxx
  Fl_Clock.cxx
  fl_color.cxx
  Fl_Color_Chooser.cxx
  Fl_compose.cxx
  Fl_Copy_Surface.cxx
  Fl_Counter.cxx
  fl_cursor.cxx
  fl_curve.cxx
  Fl_Dial.cxx
  fl_diamond_box.cxx
  Fl_display.cxx
  fl_dnd.cxx
  Fl_Double_Window.cxx
  正在產生程式碼...
  正在編譯...
  fl_draw.cxx
  fl_draw_image.cxx
  fl_draw_pixmap.cxx
  fl_engraved_label.cxx
  Fl_File_Browser.cxx
  Fl_File_Chooser.cxx
  Fl_File_Chooser2.cxx
  fl_file_dir.cxx
  Fl_File_Icon.cxx
  Fl_File_Icon2.cxx
  Fl_File_Input.cxx
  fl_font.cxx
  Fl_get_key.cxx
  Fl_get_system_colors.cxx
  Fl_GIF_Image.cxx
  Fl_Gl_Choice.cxx
  Fl_Gl_Overlay.cxx
  Fl_Gl_Window.cxx
  Fl_grab.cxx
  Fl_Group.cxx
  正在產生程式碼...
  正在編譯...
  Fl_Help_Dialog.cxx
  Fl_Help_View.cxx
  Fl_Image.cxx
  Fl_Image_Surface.cxx
  fl_images_core.cxx
  Fl_Input.cxx
  Fl_Input_.cxx
  Fl_JPEG_Image.cxx
  fl_labeltype.cxx
  Fl_Light_Button.cxx
  fl_line_style.cxx
  Fl_lock.cxx
  Fl_Menu.cxx
  Fl_Menu_.cxx
  Fl_Menu_add.cxx
  Fl_Menu_Bar.cxx
  Fl_Menu_Button.cxx
  Fl_Menu_global.cxx
  Fl_Menu_Window.cxx
  Fl_Multi_Label.cxx
  正在產生程式碼...
  正在編譯...
  fl_oval_box.cxx
  fl_overlay.cxx
  fl_overlay_visual.cxx
  Fl_Overlay_Window.cxx
  Fl_own_colormap.cxx
  Fl_Pack.cxx
  Fl_Paged_Device.cxx
  Fl_Pixmap.cxx
  fl_plastic.cxx
  Fl_PNG_Image.cxx
  Fl_PNM_Image.cxx
  Fl_Positioner.cxx
  Fl_PostScript.cxx
  Fl_Preferences.cxx
  Fl_Progress.cxx
  fl_rect.cxx
  Fl_Repeat_Button.cxx
  Fl_Return_Button.cxx
  Fl_Roller.cxx
  fl_round_box.cxx
  正在產生程式碼...
  正在編譯...
  Fl_Round_Button.cxx
  fl_rounded_box.cxx
  Fl_Scroll.cxx
  fl_scroll_area.cxx
  Fl_Scrollbar.cxx
  fl_set_font.cxx
  fl_set_fonts.cxx
  fl_shadow_box.cxx
  Fl_Shared_Image.cxx
  fl_shortcut.cxx
  fl_show_colormap.cxx
  Fl_Single_Window.cxx
  Fl_Slider.cxx
  fl_symbols.cxx
  Fl_Table.cxx
  Fl_Table_Row.cxx
  Fl_Tabs.cxx
  Fl_Text_Buffer.cxx
  Fl_Text_Display.cxx
D:\maochinn\Lib\FLTK\fltk-1.3.5-source.tar\fltk-1.3.5-source\fltk-1.3.5\FL\Fl_PostScript.H(1,1): warning C4819: 檔案含有無法在目前字碼頁 (950) 中表示的字元。請以 Unicode 格式儲存檔案以防止資料遺失
  Fl_Text_Editor.cxx
  正在產生程式碼...
  正在編譯...
  Fl_Tile.cxx
  Fl_Tiled_Image.cxx
  Fl_Tooltip.cxx
  Fl_Tree.cxx
  Fl_Tree_Item.cxx
  Fl_Tree_Item_Array.cxx
  Fl_Tree_Prefs.cxx
  Fl_Valuator.cxx
  Fl_Value_Input.cxx
  Fl_Value_Output.cxx
  Fl_Value_Slider.cxx
  fl_vertex.cxx
  Fl_visual.cxx
  Fl_Widget.cxx
  Fl_Window.cxx
  Fl_Window_fullscreen.cxx
  Fl_Window_hotspot.cxx
  Fl_Window_iconize.cxx
  Fl_Window_shape.cxx
  Fl_Wizard.cxx
  正在產生程式碼...
  正在編譯...
  Fl_x.cxx
  Fl_XBM_Image.cxx
  Fl_XPM_Image.cxx
  forms_bitmap.cxx
  forms_compatability.cxx
  forms_free.cxx
  forms_fselect.cxx
  forms_pixmap.cxx
  forms_timer.cxx
  gl_draw.cxx
  gl_start.cxx
  glut_compatability.cxx
  glut_font.cxx
  screen_xywh.cxx
  正在產生程式碼...
D:\maochinn\Lib\FLTK\fltk-1.3.5-source.tar\fltk-1.3.5-source\fltk-1.3.5\src\Fl_Text_Display.cxx(1780,1): warning C4819: 檔案含有無法在目前字碼頁 (950) 中表示的字元。請以 Unicode 格式儲存檔案以防止資料遺失
  Fl_Cairo.cxx
  Fl_Device.cxx
  Fl_Gl_Device_Plugin.cxx
  fl_gtk.cxx
  fl_gleam.cxx
  Fl_Native_File_Chooser.cxx
  fl_open_uri.cxx
  Fl_Printer.cxx
  fl_read_image.cxx
  fl_utf8.cxx
  freeglut_geometry.cxx
  freeglut_stroke_mono_roman.cxx
  freeglut_stroke_roman.cxx
  freeglut_teapot.cxx
  ps_image.cxx
  正在產生程式碼...
D:\maochinn\Lib\FLTK\fltk-1.3.5-source.tar\fltk-1.3.5-source\fltk-1.3.5\FL\Fl_PostScript.H(1,1): warning C4819: 檔案含有無法在目前字碼頁 (950) 中表示的字元。請以 Unicode 格式儲存檔案以防止資料遺失
  flstring.c
  numericsort.c
  scandir.c
  vsnprintf.c
  正在產生程式碼...
     正在建立程式庫 ../../test/fltkdlld.lib 和物件 ../../test/fltkdlld.exp
  fltkdll.vcxproj -> D:\maochinn\Lib\FLTK\fltk-1.3.5-source.tar\fltk-1.3.5-source\fltk-1.3.5\ide\VisualC2010\..\..\test\fltkdlld.dll
