  MapWidget.cpp
  Maze.cpp
D:\maochinn\NTUST\CG\FLTK_Skeleton\Project2 FLTK\Skeleton\Skeleton\Codes\Maze.cpp(44,19): warning C4996: 'strcpy': This function or variable may be unsafe. Consider using strcpy_s instead. To disable deprecation, use _CRT_SECURE_NO_WARNINGS. See online help for details.
C:\Program Files (x86)\Windows Kits\10\Include\10.0.18362.0\ucrt\string.h(133): message : 請參閱 'strcpy' 的宣告
D:\maochinn\NTUST\CG\FLTK_Skeleton\Project2 FLTK\Skeleton\Skeleton\Codes\Maze.cpp(121,31): warning C4312: '類型轉換': 將 'int' 轉換為較大的 'Cell *'
D:\maochinn\NTUST\CG\FLTK_Skeleton\Project2 FLTK\Skeleton\Skeleton\Codes\Maze.cpp(122,31): warning C4312: '類型轉換': 將 'int' 轉換為較大的 'Cell *'
D:\maochinn\NTUST\CG\FLTK_Skeleton\Project2 FLTK\Skeleton\Skeleton\Codes\Maze.cpp(144,54): warning C4312: '類型轉換': 將 'int' 轉換為較大的 'Cell *'
D:\maochinn\NTUST\CG\FLTK_Skeleton\Project2 FLTK\Skeleton\Skeleton\Codes\Maze.cpp(146,59): warning C4312: '類型轉換': 將 'int' 轉換為較大的 'Cell *'
D:\maochinn\NTUST\CG\FLTK_Skeleton\Project2 FLTK\Skeleton\Skeleton\Codes\Maze.cpp(157,54): warning C4312: '類型轉換': 將 'int' 轉換為較大的 'Cell *'
D:\maochinn\NTUST\CG\FLTK_Skeleton\Project2 FLTK\Skeleton\Skeleton\Codes\Maze.cpp(159,59): warning C4312: '類型轉換': 將 'int' 轉換為較大的 'Cell *'
D:\maochinn\NTUST\CG\FLTK_Skeleton\Project2 FLTK\Skeleton\Skeleton\Codes\Maze.cpp(169,54): warning C4312: '類型轉換': 將 'int' 轉換為較大的 'Cell *'
D:\maochinn\NTUST\CG\FLTK_Skeleton\Project2 FLTK\Skeleton\Skeleton\Codes\Maze.cpp(171,59): warning C4312: '類型轉換': 將 'int' 轉換為較大的 'Cell *'
D:\maochinn\NTUST\CG\FLTK_Skeleton\Project2 FLTK\Skeleton\Skeleton\Codes\Maze.cpp(181,54): warning C4312: '類型轉換': 將 'int' 轉換為較大的 'Cell *'
D:\maochinn\NTUST\CG\FLTK_Skeleton\Project2 FLTK\Skeleton\Skeleton\Codes\Maze.cpp(183,59): warning C4312: '類型轉換': 將 'int' 轉換為較大的 'Cell *'
D:\maochinn\NTUST\CG\FLTK_Skeleton\Project2 FLTK\Skeleton\Skeleton\Codes\Maze.cpp(88,1): warning C4996: 'fopen': This function or variable may be unsafe. Consider using fopen_s instead. To disable deprecation, use _CRT_SECURE_NO_WARNINGS. See online help for details.
C:\Program Files (x86)\Windows Kits\10\Include\10.0.18362.0\ucrt\stdio.h(208): message : 請參閱 'fopen' 的宣告
D:\maochinn\NTUST\CG\FLTK_Skeleton\Project2 FLTK\Skeleton\Skeleton\Codes\Maze.cpp(92,1): warning C4996: 'fscanf': This function or variable may be unsafe. Consider using fscanf_s instead. To disable deprecation, use _CRT_SECURE_NO_WARNINGS. See online help for details.
C:\Program Files (x86)\Windows Kits\10\Include\10.0.18362.0\ucrt\stdio.h(1197): message : 請參閱 'fscanf' 的宣告
D:\maochinn\NTUST\CG\FLTK_Skeleton\Project2 FLTK\Skeleton\Skeleton\Codes\Maze.cpp(99,1): warning C4996: 'fscanf': This function or variable may be unsafe. Consider using fscanf_s instead. To disable deprecation, use _CRT_SECURE_NO_WARNINGS. See online help for details.
C:\Program Files (x86)\Windows Kits\10\Include\10.0.18362.0\ucrt\stdio.h(1197): message : 請參閱 'fscanf' 的宣告
D:\maochinn\NTUST\CG\FLTK_Skeleton\Project2 FLTK\Skeleton\Skeleton\Codes\Maze.cpp(100,1): warning C4996: 'sprintf': This function or variable may be unsafe. Consider using sprintf_s instead. To disable deprecation, use _CRT_SECURE_NO_WARNINGS. See online help for details.
C:\Program Files (x86)\Windows Kits\10\Include\10.0.18362.0\ucrt\stdio.h(1774): message : 請參閱 'sprintf' 的宣告
D:\maochinn\NTUST\CG\FLTK_Skeleton\Project2 FLTK\Skeleton\Skeleton\Codes\Maze.cpp(107,1): warning C4996: 'fscanf': This function or variable may be unsafe. Consider using fscanf_s instead. To disable deprecation, use _CRT_SECURE_NO_WARNINGS. See online help for details.
C:\Program Files (x86)\Windows Kits\10\Include\10.0.18362.0\ucrt\stdio.h(1197): message : 請參閱 'fscanf' 的宣告
D:\maochinn\NTUST\CG\FLTK_Skeleton\Project2 FLTK\Skeleton\Skeleton\Codes\Maze.cpp(115,1): warning C4996: 'fscanf': This function or variable may be unsafe. Consider using fscanf_s instead. To disable deprecation, use _CRT_SECURE_NO_WARNINGS. See online help for details.
C:\Program Files (x86)\Windows Kits\10\Include\10.0.18362.0\ucrt\stdio.h(1197): message : 請參閱 'fscanf' 的宣告
D:\maochinn\NTUST\CG\FLTK_Skeleton\Project2 FLTK\Skeleton\Skeleton\Codes\Maze.cpp(117,1): warning C4996: 'sprintf': This function or variable may be unsafe. Consider using sprintf_s instead. To disable deprecation, use _CRT_SECURE_NO_WARNINGS. See online help for details.
C:\Program Files (x86)\Windows Kits\10\Include\10.0.18362.0\ucrt\stdio.h(1774): message : 請參閱 'sprintf' 的宣告
D:\maochinn\NTUST\CG\FLTK_Skeleton\Project2 FLTK\Skeleton\Skeleton\Codes\Maze.cpp(127,1): warning C4996: 'fscanf': This function or variable may be unsafe. Consider using fscanf_s instead. To disable deprecation, use _CRT_SECURE_NO_WARNINGS. See online help for details.
C:\Program Files (x86)\Windows Kits\10\Include\10.0.18362.0\ucrt\stdio.h(1197): message : 請參閱 'fscanf' 的宣告
D:\maochinn\NTUST\CG\FLTK_Skeleton\Project2 FLTK\Skeleton\Skeleton\Codes\Maze.cpp(135,1): warning C4996: 'fscanf': This function or variable may be unsafe. Consider using fscanf_s instead. To disable deprecation, use _CRT_SECURE_NO_WARNINGS. See online help for details.
C:\Program Files (x86)\Windows Kits\10\Include\10.0.18362.0\ucrt\stdio.h(1197): message : 請參閱 'fscanf' 的宣告
D:\maochinn\NTUST\CG\FLTK_Skeleton\Project2 FLTK\Skeleton\Skeleton\Codes\Maze.cpp(136,1): warning C4996: 'sprintf': This function or variable may be unsafe. Consider using sprintf_s instead. To disable deprecation, use _CRT_SECURE_NO_WARNINGS. See online help for details.
C:\Program Files (x86)\Windows Kits\10\Include\10.0.18362.0\ucrt\stdio.h(1774): message : 請參閱 'sprintf' 的宣告
D:\maochinn\NTUST\CG\FLTK_Skeleton\Project2 FLTK\Skeleton\Skeleton\Codes\Maze.cpp(149,1): warning C4996: 'sprintf': This function or variable may be unsafe. Consider using sprintf_s instead. To disable deprecation, use _CRT_SECURE_NO_WARNINGS. See online help for details.
C:\Program Files (x86)\Windows Kits\10\Include\10.0.18362.0\ucrt\stdio.h(1774): message : 請參閱 'sprintf' 的宣告
D:\maochinn\NTUST\CG\FLTK_Skeleton\Project2 FLTK\Skeleton\Skeleton\Codes\Maze.cpp(162,1): warning C4996: 'sprintf': This function or variable may be unsafe. Consider using sprintf_s instead. To disable deprecation, use _CRT_SECURE_NO_WARNINGS. See online help for details.
C:\Program Files (x86)\Windows Kits\10\Include\10.0.18362.0\ucrt\stdio.h(1774): message : 請參閱 'sprintf' 的宣告
D:\maochinn\NTUST\CG\FLTK_Skeleton\Project2 FLTK\Skeleton\Skeleton\Codes\Maze.cpp(174,1): warning C4996: 'sprintf': This function or variable may be unsafe. Consider using sprintf_s instead. To disable deprecation, use _CRT_SECURE_NO_WARNINGS. See online help for details.
C:\Program Files (x86)\Windows Kits\10\Include\10.0.18362.0\ucrt\stdio.h(1774): message : 請參閱 'sprintf' 的宣告
D:\maochinn\NTUST\CG\FLTK_Skeleton\Project2 FLTK\Skeleton\Skeleton\Codes\Maze.cpp(186,1): warning C4996: 'sprintf': This function or variable may be unsafe. Consider using sprintf_s instead. To disable deprecation, use _CRT_SECURE_NO_WARNINGS. See online help for details.
C:\Program Files (x86)\Windows Kits\10\Include\10.0.18362.0\ucrt\stdio.h(1774): message : 請參閱 'sprintf' 的宣告
D:\maochinn\NTUST\CG\FLTK_Skeleton\Project2 FLTK\Skeleton\Skeleton\Codes\Maze.cpp(194,1): warning C4996: 'fscanf': This function or variable may be unsafe. Consider using fscanf_s instead. To disable deprecation, use _CRT_SECURE_NO_WARNINGS. See online help for details.
C:\Program Files (x86)\Windows Kits\10\Include\10.0.18362.0\ucrt\stdio.h(1197): message : 請參閱 'fscanf' 的宣告
D:\maochinn\NTUST\CG\FLTK_Skeleton\Project2 FLTK\Skeleton\Skeleton\Codes\Maze.cpp(378,12): warning C4244: '引數': 將 'time_t' 轉換為 'unsigned int'，由於類型不同，可能導致資料遺失
D:\maochinn\NTUST\CG\FLTK_Skeleton\Project2 FLTK\Skeleton\Skeleton\Codes\Maze.cpp(772,1): warning C4996: 'fopen': This function or variable may be unsafe. Consider using fopen_s instead. To disable deprecation, use _CRT_SECURE_NO_WARNINGS. See online help for details.
  RunMaze.cpp
C:\Program Files (x86)\Windows Kits\10\Include\10.0.18362.0\ucrt\stdio.h(208): message : 請參閱 'fopen' 的宣告
  正在產生程式碼
  72 of 77 functions (93.5%) were compiled, the rest were copied from previous compilation.
    0 functions were new in current compilation
    0 functions had inline decision re-evaluated but remain unchanged
  已完成程式碼產生
  Skeleton.vcxproj -> D:\maochinn\NTUST\CG\FLTK_Skeleton\Project2 FLTK\Skeleton\x64\Release\Skeleton.exe
