C:\Program Files (x86)\Microsoft Visual Studio\2019\Community\MSBuild\Microsoft\VC\v160\Microsoft.CppBuild.targets(452,5): warning MSB8028: The intermediate directory (Debug Cairo\) contains files shared from another project (fltk.vcxproj, fltkforms.vcxproj, fltkimages.vcxproj, fltkjpeg.vcxproj, fltkpng.vcxproj).  This can lead to incorrect clean and rebuild behavior.
  Fl_Gl_Choice.cxx
  Fl_Gl_Device_Plugin.cxx
D:\maochinn\Lib\FLTK\fltk-1.3.5-source.tar\fltk-1.3.5-source\fltk-1.3.5\FL\Fl_Cairo.H(32,11): fatal error C1083: 無法開啟包含檔案: 'cairo.h': No such file or directory
  Fl_Gl_Overlay.cxx
D:\maochinn\Lib\FLTK\fltk-1.3.5-source.tar\fltk-1.3.5-source\fltk-1.3.5\FL\Fl_Cairo.H(32,11): fatal error C1083: 無法開啟包含檔案: 'cairo.h': No such file or directory
  Fl_Gl_Window.cxx
D:\maochinn\Lib\FLTK\fltk-1.3.5-source.tar\fltk-1.3.5-source\fltk-1.3.5\FL\Fl_Cairo.H(32,11): fatal error C1083: 無法開啟包含檔案: 'cairo.h': No such file or directory
  freeglut_geometry.cxx
D:\maochinn\Lib\FLTK\fltk-1.3.5-source.tar\fltk-1.3.5-source\fltk-1.3.5\FL\Fl_Cairo.H(32,11): fatal error C1083: 無法開啟包含檔案: 'cairo.h': No such file or directory
  freeglut_stroke_mono_roman.cxx
D:\maochinn\Lib\FLTK\fltk-1.3.5-source.tar\fltk-1.3.5-source\fltk-1.3.5\FL\Fl_Cairo.H(32,11): fatal error C1083: 無法開啟包含檔案: 'cairo.h': No such file or directory
  freeglut_stroke_roman.cxx
D:\maochinn\Lib\FLTK\fltk-1.3.5-source.tar\fltk-1.3.5-source\fltk-1.3.5\FL\Fl_Cairo.H(32,11): fatal error C1083: 無法開啟包含檔案: 'cairo.h': No such file or directory
  freeglut_teapot.cxx
D:\maochinn\Lib\FLTK\fltk-1.3.5-source.tar\fltk-1.3.5-source\fltk-1.3.5\FL\Fl_Cairo.H(32,11): fatal error C1083: 無法開啟包含檔案: 'cairo.h': No such file or directory
  gl_draw.cxx
D:\maochinn\Lib\FLTK\fltk-1.3.5-source.tar\fltk-1.3.5-source\fltk-1.3.5\FL\Fl_Cairo.H(32,11): fatal error C1083: 無法開啟包含檔案: 'cairo.h': No such file or directory
  gl_start.cxx
D:\maochinn\Lib\FLTK\fltk-1.3.5-source.tar\fltk-1.3.5-source\fltk-1.3.5\FL\Fl_Cairo.H(32,11): fatal error C1083: 無法開啟包含檔案: 'cairo.h': No such file or directory
  glut_compatability.cxx
D:\maochinn\Lib\FLTK\fltk-1.3.5-source.tar\fltk-1.3.5-source\fltk-1.3.5\FL\Fl_Cairo.H(32,11): fatal error C1083: 無法開啟包含檔案: 'cairo.h': No such file or directory
  glut_font.cxx
D:\maochinn\Lib\FLTK\fltk-1.3.5-source.tar\fltk-1.3.5-source\fltk-1.3.5\FL\Fl_Cairo.H(32,11): fatal error C1083: 無法開啟包含檔案: 'cairo.h': No such file or directory
  正在產生程式碼...
D:\maochinn\Lib\FLTK\fltk-1.3.5-source.tar\fltk-1.3.5-source\fltk-1.3.5\FL\Fl_Cairo.H(32,11): fatal error C1083: 無法開啟包含檔案: 'cairo.h': No such file or directory
