d:\maochinn\ntust\cg\project2 fltk\skeleton\skeleton\x64\debug\vc142.pdb
d:\maochinn\ntust\cg\project2 fltk\skeleton\skeleton\x64\debug\vc142.idb
d:\maochinn\ntust\cg\project2 fltk\skeleton\skeleton\x64\debug\vertex.obj
d:\maochinn\ntust\cg\project2 fltk\skeleton\skeleton\x64\debug\maze.obj
d:\maochinn\ntust\cg\project2 fltk\skeleton\skeleton\x64\debug\mapwidget.obj
d:\maochinn\ntust\cg\project2 fltk\skeleton\skeleton\x64\debug\lineseg.obj
d:\maochinn\ntust\cg\project2 fltk\skeleton\skeleton\x64\debug\edge.obj
d:\maochinn\ntust\cg\project2 fltk\skeleton\skeleton\x64\debug\buildmaze.obj
d:\maochinn\ntust\cg\project2 fltk\skeleton\skeleton\x64\debug\mazewindow.obj
d:\maochinn\ntust\cg\project2 fltk\skeleton\skeleton\x64\debug\cell.obj
d:\maochinn\ntust\cg\project2 fltk\skeleton\skeleton\x64\debug\runmaze.obj
d:\maochinn\ntust\cg\project2 fltk\skeleton\x64\debug\skeleton.pdb
d:\maochinn\ntust\cg\project2 fltk\skeleton\skeleton\x64\debug\skeleton.tlog\cl.command.1.tlog
d:\maochinn\ntust\cg\project2 fltk\skeleton\skeleton\x64\debug\skeleton.tlog\cl.read.1.tlog
d:\maochinn\ntust\cg\project2 fltk\skeleton\skeleton\x64\debug\skeleton.tlog\cl.write.1.tlog
d:\maochinn\ntust\cg\project2 fltk\skeleton\skeleton\x64\debug\skeleton.tlog\link-cvtres.read.1.tlog
d:\maochinn\ntust\cg\project2 fltk\skeleton\skeleton\x64\debug\skeleton.tlog\link-cvtres.write.1.tlog
d:\maochinn\ntust\cg\project2 fltk\skeleton\skeleton\x64\debug\skeleton.tlog\link-rc.read.1.tlog
d:\maochinn\ntust\cg\project2 fltk\skeleton\skeleton\x64\debug\skeleton.tlog\link-rc.write.1.tlog
d:\maochinn\ntust\cg\project2 fltk\skeleton\skeleton\x64\debug\skeleton.tlog\link.command.1.tlog
d:\maochinn\ntust\cg\project2 fltk\skeleton\skeleton\x64\debug\skeleton.tlog\link.read.1.tlog
d:\maochinn\ntust\cg\project2 fltk\skeleton\skeleton\x64\debug\skeleton.tlog\link.write.1.tlog
