  Building Custom Rule D:/maochinn/Lib/FLTK/fltk-1.3.5-source.tar/fltk-1.3.5-source/fltk-1.3.5/src/CMakeLists.txt
  Fl_Gl_Choice.cxx
  Fl_Gl_Device_Plugin.cxx
  Fl_Gl_Overlay.cxx
  Fl_Gl_Window.cxx
  freeglut_geometry.cxx
  freeglut_stroke_mono_roman.cxx
  freeglut_stroke_roman.cxx
  freeglut_teapot.cxx
  gl_draw.cxx
D:\maochinn\Lib\FLTK\fltk-1.3.5-source.tar\fltk-1.3.5-source\fltk-1.3.5\src\gl_draw.cxx(240,27): warning C4267: '引數': 將 'size_t' 轉換為 'int'，資料可能遺失
D:\maochinn\Lib\FLTK\fltk-1.3.5-source.tar\fltk-1.3.5-source\fltk-1.3.5\src\gl_draw.cxx(248,33): warning C4267: '引數': 將 'size_t' 轉換為 'int'，資料可能遺失
  gl_start.cxx
  glut_compatability.cxx
D:\maochinn\Lib\FLTK\fltk-1.3.5-source.tar\fltk-1.3.5-source\fltk-1.3.5\src\gl_draw.cxx(256,33): warning C4267: '引數': 將 'size_t' 轉換為 'int'，資料可能遺失
D:\maochinn\Lib\FLTK\fltk-1.3.5-source.tar\fltk-1.3.5-source\fltk-1.3.5\src\glut_compatability.cxx(484,38): warning C4267: '正在初始化': 將 'size_t' 轉換為 'int'，資料可能遺失
  glut_font.cxx
  正在產生程式碼...
D:\maochinn\Lib\FLTK\fltk-1.3.5-source.tar\fltk-1.3.5-source\fltk-1.3.5\src\glut_compatability.cxx(484,38): warning C4267: '正在初始化': 將 'size_t' 轉換為 'const int'，資料可能遺失
  fltk_gl.vcxproj -> D:\maochinn\Lib\FLTK\build\lib\Debug\fltk_gld.lib
