  ImageWidget.cpp
  Main.cpp
  ScriptHandler.cpp
D:\maochinn\NTUST\CG\Project1 FLTK\Skeleton\Codes\ScriptHandler.cpp(105,1): warning C4996: 'strcpy': This function or variable may be unsafe. Consider using strcpy_s instead. To disable deprecation, use _CRT_SECURE_NO_WARNINGS. See online help for details.
C:\Program Files (x86)\Windows Kits\10\Include\10.0.18362.0\ucrt\string.h(133): message : 請參閱 'strcpy' 的宣告
D:\maochinn\NTUST\CG\Project1 FLTK\Skeleton\Codes\ScriptHandler.cpp(106,1): warning C4996: 'strtok': This function or variable may be unsafe. Consider using strtok_s instead. To disable deprecation, use _CRT_SECURE_NO_WARNINGS. See online help for details.
C:\Program Files (x86)\Windows Kits\10\Include\10.0.18362.0\ucrt\string.h(440): message : 請參閱 'strtok' 的宣告
D:\maochinn\NTUST\CG\Project1 FLTK\Skeleton\Codes\ScriptHandler.cpp(131,1): warning C4996: 'strtok': This function or variable may be unsafe. Consider using strtok_s instead. To disable deprecation, use _CRT_SECURE_NO_WARNINGS. See online help for details.
C:\Program Files (x86)\Windows Kits\10\Include\10.0.18362.0\ucrt\string.h(440): message : 請參閱 'strtok' 的宣告
D:\maochinn\NTUST\CG\Project1 FLTK\Skeleton\Codes\ScriptHandler.cpp(148,1): warning C4996: 'strtok': This function or variable may be unsafe. Consider using strtok_s instead. To disable deprecation, use _CRT_SECURE_NO_WARNINGS. See online help for details.
C:\Program Files (x86)\Windows Kits\10\Include\10.0.18362.0\ucrt\string.h(440): message : 請參閱 'strtok' 的宣告
D:\maochinn\NTUST\CG\Project1 FLTK\Skeleton\Codes\ScriptHandler.cpp(159,1): warning C4996: 'strtok': This function or variable may be unsafe. Consider using strtok_s instead. To disable deprecation, use _CRT_SECURE_NO_WARNINGS. See online help for details.
C:\Program Files (x86)\Windows Kits\10\Include\10.0.18362.0\ucrt\string.h(440): message : 請參閱 'strtok' 的宣告
D:\maochinn\NTUST\CG\Project1 FLTK\Skeleton\Codes\ScriptHandler.cpp(237,1): warning C4996: 'strtok': This function or variable may be unsafe. Consider using strtok_s instead. To disable deprecation, use _CRT_SECURE_NO_WARNINGS. See online help for details.
C:\Program Files (x86)\Windows Kits\10\Include\10.0.18362.0\ucrt\string.h(440): message : 請參閱 'strtok' 的宣告
D:\maochinn\NTUST\CG\Project1 FLTK\Skeleton\Codes\ScriptHandler.cpp(280,1): warning C4996: 'strtok': This function or variable may be unsafe. Consider using strtok_s instead. To disable deprecation, use _CRT_SECURE_NO_WARNINGS. See online help for details.
C:\Program Files (x86)\Windows Kits\10\Include\10.0.18362.0\ucrt\string.h(440): message : 請參閱 'strtok' 的宣告
D:\maochinn\NTUST\CG\Project1 FLTK\Skeleton\Codes\ScriptHandler.cpp(295,1): warning C4996: 'strtok': This function or variable may be unsafe. Consider using strtok_s instead. To disable deprecation, use _CRT_SECURE_NO_WARNINGS. See online help for details.
C:\Program Files (x86)\Windows Kits\10\Include\10.0.18362.0\ucrt\string.h(440): message : 請參閱 'strtok' 的宣告
D:\maochinn\NTUST\CG\Project1 FLTK\Skeleton\Codes\ScriptHandler.cpp(312,1): warning C4996: 'strtok': This function or variable may be unsafe. Consider using strtok_s instead. To disable deprecation, use _CRT_SECURE_NO_WARNINGS. See online help for details.
C:\Program Files (x86)\Windows Kits\10\Include\10.0.18362.0\ucrt\string.h(440): message : 請參閱 'strtok' 的宣告
D:\maochinn\NTUST\CG\Project1 FLTK\Skeleton\Codes\ScriptHandler.cpp(330,1): warning C4996: 'strtok': This function or variable may be unsafe. Consider using strtok_s instead. To disable deprecation, use _CRT_SECURE_NO_WARNINGS. See online help for details.
C:\Program Files (x86)\Windows Kits\10\Include\10.0.18362.0\ucrt\string.h(440): message : 請參閱 'strtok' 的宣告
D:\maochinn\NTUST\CG\Project1 FLTK\Skeleton\Codes\ScriptHandler.cpp(348,1): warning C4996: 'strtok': This function or variable may be unsafe. Consider using strtok_s instead. To disable deprecation, use _CRT_SECURE_NO_WARNINGS. See online help for details.
C:\Program Files (x86)\Windows Kits\10\Include\10.0.18362.0\ucrt\string.h(440): message : 請參閱 'strtok' 的宣告
D:\maochinn\NTUST\CG\Project1 FLTK\Skeleton\Codes\ScriptHandler.cpp(366,1): warning C4996: 'strtok': This function or variable may be unsafe. Consider using strtok_s instead. To disable deprecation, use _CRT_SECURE_NO_WARNINGS. See online help for details.
C:\Program Files (x86)\Windows Kits\10\Include\10.0.18362.0\ucrt\string.h(440): message : 請參閱 'strtok' 的宣告
D:\maochinn\NTUST\CG\Project1 FLTK\Skeleton\Codes\ScriptHandler.cpp(384,1): warning C4996: 'strtok': This function or variable may be unsafe. Consider using strtok_s instead. To disable deprecation, use _CRT_SECURE_NO_WARNINGS. See online help for details.
C:\Program Files (x86)\Windows Kits\10\Include\10.0.18362.0\ucrt\string.h(440): message : 請參閱 'strtok' 的宣告
D:\maochinn\NTUST\CG\Project1 FLTK\Skeleton\Codes\ScriptHandler.cpp(402,1): warning C4996: 'strtok': This function or variable may be unsafe. Consider using strtok_s instead. To disable deprecation, use _CRT_SECURE_NO_WARNINGS. See online help for details.
  TargaImage.cpp
  正在產生程式碼...
C:\Program Files (x86)\Windows Kits\10\Include\10.0.18362.0\ucrt\string.h(440): message : 請參閱 'strtok' 的宣告
  Skeleton.vcxproj -> D:\maochinn\NTUST\CG\Project1 FLTK\x64\Debug\Skeleton.exe
