  Building Custom Rule D:/maochinn/Lib/FLTK/fltk-1.3.5-source.tar/fltk-1.3.5-source/fltk-1.3.5/jpeg/CMakeLists.txt
  jmemnobs.c
  jaricom.c
  jcomapi.c
  jutils.c
  jerror.c
  jmemmgr.c
D:\maochinn\Lib\FLTK\fltk-1.3.5-source.tar\fltk-1.3.5-source\fltk-1.3.5\jpeg\jmemmgr.c(307,53): warning C4267: '+=': 將 'size_t' 轉換為 'long'，資料可能遺失
D:\maochinn\Lib\FLTK\fltk-1.3.5-source.tar\fltk-1.3.5-source\fltk-1.3.5\jpeg\jmemmgr.c(367,70): warning C4267: '+=': 將 'size_t' 轉換為 'long'，資料可能遺失
D:\maochinn\Lib\FLTK\fltk-1.3.5-source.tar\fltk-1.3.5-source\fltk-1.3.5\jpeg\jmemmgr.c(977,46): warning C4267: '-=': 將 'size_t' 轉換為 'long'，資料可能遺失
  jcapimin.c
  jcapistd.c
  jcarith.c
  jctrans.c
  jcparam.c
  jdatadst.c
D:\maochinn\Lib\FLTK\fltk-1.3.5-source.tar\fltk-1.3.5-source\fltk-1.3.5\jpeg\jmemmgr.c(991,46): warning C4267: '-=': 將 'size_t' 轉換為 'long'，資料可能遺失
  jcinit.c
  jcmaster.c
  jcmarker.c
  jcmainct.c
  jcprepct.c
  jccoefct.c
  jccolor.c
  jcsample.c
  正在產生程式碼...
  正在編譯...
  jchuff.c
  jcdctmgr.c
  jfdctfst.c
  jfdctflt.c
  jfdctint.c
  jdapimin.c
  jdapistd.c
  jdarith.c
  jdtrans.c
  jdatasrc.c
  jdmaster.c
  jdinput.c
  jdmarker.c
  jdhuff.c
  jdmainct.c
  jdcoefct.c
  jdpostct.c
  jddctmgr.c
  jidctfst.c
  jidctflt.c
  正在產生程式碼...
  正在編譯...
  jidctint.c
  jdsample.c
  jdcolor.c
  jquant1.c
  jquant2.c
  jdmerge.c
  正在產生程式碼...
D:\maochinn\Lib\FLTK\fltk-1.3.5-source.tar\fltk-1.3.5-source\fltk-1.3.5\jpeg\jdatadst.c(185,60): warning C4267: '=': 將 'size_t' 轉換為 'unsigned long'，資料可能遺失
  fltk_jpeg.vcxproj -> D:\maochinn\Lib\FLTK\build\lib\Release\fltk_jpeg.lib
